TN:
SF:src\components\ChipList\index.tsx
FN:18,(anonymous_1)
FN:19,(anonymous_2)
FN:19,(anonymous_3)
FN:29,(anonymous_4)
FNF:4
FNH:4
FNDA:7,(anonymous_1)
FNDA:18,(anonymous_2)
FNDA:1,(anonymous_3)
FNDA:18,(anonymous_4)
DA:1,1
DA:2,1
DA:3,1
DA:18,1
DA:19,18
DA:20,1
DA:27,7
DA:30,18
DA:43,1
LF:9
LH:9
BRDA:20,0,0,1
BRDA:20,0,1,1
BRDA:29,1,0,7
BRDA:29,1,1,0
BRDA:31,2,0,18
BRDA:31,2,1,15
BRF:6
BRH:5
end_of_record
TN:
SF:src\components\DeleteModal\index.tsx
FN:21,(anonymous_10)
FN:23,(anonymous_11)
FN:24,(anonymous_12)
FN:25,(anonymous_13)
FNF:4
FNH:4
FNDA:41,(anonymous_10)
FNDA:9,(anonymous_11)
FNDA:5,(anonymous_12)
FNDA:5,(anonymous_13)
DA:1,4
DA:2,4
DA:3,4
DA:4,4
DA:5,4
DA:6,4
DA:7,4
DA:9,4
DA:21,4
DA:22,41
DA:23,41
DA:24,41
DA:25,41
DA:26,5
DA:27,5
DA:30,41
DA:57,4
LF:17
LH:17
BRF:0
BRH:0
end_of_record
TN:
SF:src\components\EditUserForm\index.tsx
FN:21,(anonymous_10)
FN:24,(anonymous_11)
FN:42,(anonymous_12)
FN:43,(anonymous_13)
FN:56,(anonymous_14)
FN:57,(anonymous_15)
FN:70,(anonymous_16)
FN:71,(anonymous_17)
FN:86,(anonymous_18)
FN:87,(anonymous_19)
FN:93,(anonymous_20)
FN:108,(anonymous_21)
FN:109,(anonymous_22)
FN:115,(anonymous_23)
FN:136,(anonymous_24)
FN:145,(anonymous_25)
FNF:16
FNH:9
FNDA:24,(anonymous_10)
FNDA:11,(anonymous_11)
FNDA:0,(anonymous_12)
FNDA:0,(anonymous_13)
FNDA:1,(anonymous_14)
FNDA:1,(anonymous_15)
FNDA:0,(anonymous_16)
FNDA:0,(anonymous_17)
FNDA:0,(anonymous_18)
FNDA:0,(anonymous_19)
FNDA:26,(anonymous_20)
FNDA:1,(anonymous_21)
FNDA:1,(anonymous_22)
FNDA:39,(anonymous_23)
FNDA:1,(anonymous_24)
FNDA:0,(anonymous_25)
DA:1,1
DA:2,1
DA:3,1
DA:4,1
DA:5,1
DA:6,1
DA:7,1
DA:8,1
DA:9,1
DA:10,1
DA:11,1
DA:21,1
DA:22,24
DA:24,24
DA:25,11
DA:28,24
DA:43,0
DA:57,1
DA:71,0
DA:87,0
DA:94,26
DA:109,1
DA:116,39
DA:137,1
DA:146,0
DA:157,1
LF:26
LH:22
BRDA:28,0,0,13
BRDA:28,0,1,11
BRDA:30,1,0,2
BRDA:30,1,1,11
BRDA:125,2,0,1
BRDA:125,2,1,12
BRF:6
BRH:6
end_of_record
TN:
SF:src\components\EventCard\index.tsx
FN:28,(anonymous_10)
FN:29,(anonymous_11)
FN:93,(anonymous_12)
FN:100,(anonymous_13)
FN:122,(anonymous_14)
FN:134,(anonymous_15)
FNF:6
FNH:5
FNDA:22,(anonymous_10)
FNDA:44,(anonymous_11)
FNDA:2,(anonymous_12)
FNDA:0,(anonymous_13)
FNDA:2,(anonymous_14)
FNDA:2,(anonymous_15)
DA:1,2
DA:2,2
DA:3,2
DA:4,2
DA:5,2
DA:6,2
DA:7,2
DA:8,2
DA:9,2
DA:10,2
DA:11,2
DA:12,2
DA:13,2
DA:14,2
DA:15,2
DA:28,2
DA:29,44
DA:30,22
DA:94,2
DA:101,0
DA:123,2
DA:135,2
DA:150,2
LF:23
LH:22
BRDA:35,0,0,21
BRDA:35,0,1,1
BRDA:36,1,0,21
BRDA:36,1,1,0
BRDA:42,2,0,21
BRDA:42,2,1,1
BRDA:88,3,0,7
BRDA:88,3,1,15
BRDA:118,4,0,5
BRDA:118,4,1,10
BRDA:124,5,0,1
BRDA:124,5,1,1
BRDA:129,6,0,5
BRDA:129,6,1,10
BRF:14
BRH:13
end_of_record
TN:
SF:src\components\EventList\index.tsx
FN:11,(anonymous_10)
FN:16,(anonymous_11)
FN:20,(anonymous_12)
FN:24,(anonymous_13)
FN:37,(anonymous_14)
FNF:5
FNH:5
FNDA:8,(anonymous_10)
FNDA:8,(anonymous_11)
FNDA:1,(anonymous_12)
FNDA:1,(anonymous_13)
FNDA:12,(anonymous_14)
DA:1,1
DA:2,1
DA:3,1
DA:4,1
DA:5,1
DA:11,1
DA:12,8
DA:13,8
DA:14,8
DA:16,8
DA:17,8
DA:20,8
DA:21,1
DA:24,8
DA:25,1
DA:28,8
DA:38,12
DA:54,1
LF:18
LH:18
BRDA:17,0,0,2
BRDA:17,1,0,8
BRDA:17,1,1,7
BRDA:47,2,0,1
BRDA:47,2,1,11
BRDA:47,3,0,1
BRDA:47,3,1,0
BRF:7
BRH:6
end_of_record
TN:
SF:src\components\FileUploader\index.tsx
FN:26,(anonymous_10)
FN:28,(anonymous_11)
FN:30,(anonymous_12)
FN:36,(anonymous_13)
FNF:4
FNH:4
FNDA:14,(anonymous_10)
FNDA:6,(anonymous_11)
FNDA:4,(anonymous_12)
FNDA:12,(anonymous_13)
DA:1,1
DA:2,1
DA:3,1
DA:4,1
DA:5,1
DA:7,1
DA:26,1
DA:27,14
DA:28,14
DA:29,6
DA:30,5
DA:31,4
DA:33,5
DA:36,14
DA:37,12
DA:39,14
DA:62,1
LF:17
LH:17
BRDA:29,0,0,5
BRDA:29,1,0,6
BRDA:29,1,1,6
BRF:3
BRH:3
end_of_record
TN:
SF:src\components\LocationSelect\index.tsx
FN:15,(anonymous_10)
FN:20,(anonymous_11)
FN:22,(anonymous_12)
FN:28,(anonymous_13)
FN:41,(anonymous_14)
FN:44,(anonymous_15)
FN:49,(anonymous_16)
FN:50,(anonymous_17)
FN:52,(anonymous_18)
FN:56,(anonymous_19)
FNF:10
FNH:8
FNDA:20,(anonymous_10)
FNDA:13,(anonymous_11)
FNDA:4,(anonymous_12)
FNDA:4,(anonymous_13)
FNDA:5,(anonymous_14)
FNDA:0,(anonymous_15)
FNDA:12,(anonymous_16)
FNDA:87,(anonymous_17)
FNDA:0,(anonymous_18)
FNDA:40,(anonymous_19)
DA:1,1
DA:2,1
DA:3,1
DA:4,1
DA:5,1
DA:6,1
DA:15,1
DA:16,20
DA:17,20
DA:18,20
DA:20,20
DA:21,13
DA:22,4
DA:23,2
DA:24,2
DA:27,20
DA:29,4
DA:31,2
DA:36,20
DA:42,5
DA:45,0
DA:49,12
DA:50,87
DA:53,0
DA:57,40
DA:77,1
LF:26
LH:24
BRDA:21,0,0,11
BRDA:21,1,0,13
BRDA:21,1,1,3
BRDA:29,2,0,2
BRDA:29,3,0,4
BRDA:29,3,1,2
BRDA:53,4,0,0
BRDA:53,4,1,0
BRDA:64,5,0,2
BRDA:64,5,1,38
BRF:10
BRH:8
end_of_record
TN:
SF:src\components\QuantityInput\index.tsx
FN:19,CustomNumberInput
FN:79,(anonymous_11)
FN:89,(anonymous_12)
FN:122,(anonymous_13)
FNF:4
FNH:4
FNDA:8,CustomNumberInput
FNDA:8,(anonymous_11)
FNDA:8,(anonymous_12)
FNDA:16,(anonymous_13)
DA:1,1
DA:2,1
DA:3,1
DA:4,1
DA:5,1
DA:6,1
DA:7,1
DA:19,1
DA:20,8
DA:52,1
DA:54,1
DA:65,1
DA:78,1
DA:79,8
DA:88,1
DA:89,8
DA:121,1
DA:122,16
LF:18
LH:18
BRDA:82,0,0,0
BRDA:82,0,1,8
BRDA:94,1,0,0
BRDA:94,1,1,8
BRDA:95,2,0,0
BRDA:95,2,1,8
BRDA:96,3,0,0
BRDA:96,3,1,8
BRDA:97,4,0,0
BRDA:97,4,1,8
BRDA:112,5,0,0
BRDA:112,5,1,8
BRDA:129,6,0,0
BRDA:129,6,1,16
BRDA:130,7,0,0
BRDA:130,7,1,16
BRDA:131,8,0,0
BRDA:131,8,1,16
BRDA:144,9,0,0
BRDA:144,9,1,16
BRDA:145,10,0,0
BRDA:145,10,1,16
BRF:22
BRH:11
end_of_record
TN:
SF:src\components\UserList\index.tsx
FN:15,(anonymous_10)
FN:19,(anonymous_11)
FN:23,(anonymous_12)
FN:39,(anonymous_13)
FN:49,(anonymous_14)
FN:56,(anonymous_15)
FNF:6
FNH:6
FNDA:9,(anonymous_10)
FNDA:1,(anonymous_11)
FNDA:9,(anonymous_12)
FNDA:12,(anonymous_13)
FNDA:1,(anonymous_14)
FNDA:3,(anonymous_15)
DA:1,1
DA:2,1
DA:3,1
DA:4,1
DA:5,1
DA:6,1
DA:7,1
DA:8,1
DA:9,1
DA:10,1
DA:11,1
DA:12,1
DA:13,1
DA:15,1
DA:16,9
DA:17,9
DA:19,9
DA:20,1
DA:23,9
DA:24,9
DA:26,9
DA:40,12
DA:50,1
DA:57,3
DA:71,1
LF:25
LH:25
BRDA:24,0,0,2
BRDA:50,1,0,1
BRDA:50,1,1,0
BRDA:57,2,0,3
BRDA:57,2,1,0
BRF:5
BRH:3
end_of_record
TN:
SF:src\constants\index.ts
FNF:0
FNH:0
DA:1,3
DA:5,3
DA:7,3
DA:13,3
DA:15,3
LF:5
LH:5
BRF:0
BRH:0
end_of_record
TN:
SF:src\utils\index.ts
FN:19,(anonymous_1)
FN:23,(anonymous_2)
FN:25,(anonymous_3)
FN:31,(anonymous_4)
FN:48,(anonymous_5)
FN:49,(anonymous_6)
FN:77,(anonymous_7)
FN:85,(anonymous_8)
FNF:8
FNH:1
FNDA:21,(anonymous_1)
FNDA:0,(anonymous_2)
FNDA:0,(anonymous_3)
FNDA:0,(anonymous_4)
FNDA:0,(anonymous_5)
FNDA:0,(anonymous_6)
FNDA:0,(anonymous_7)
FNDA:0,(anonymous_8)
DA:2,2
DA:3,2
DA:4,2
DA:6,2
DA:7,2
DA:8,2
DA:19,2
DA:20,21
DA:23,2
DA:24,0
DA:25,0
DA:26,0
DA:28,0
DA:31,2
DA:32,0
DA:33,0
DA:34,0
DA:36,0
DA:37,0
DA:39,0
DA:42,2
DA:47,2
DA:48,2
DA:49,0
DA:50,0
DA:52,0
DA:53,0
DA:62,0
DA:63,0
DA:66,0
DA:69,0
DA:70,0
DA:74,0
DA:77,2
DA:78,0
DA:85,2
LF:36
LH:15
BRDA:36,0,0,0
BRDA:52,1,0,0
BRDA:52,2,0,0
BRDA:52,2,1,0
BRDA:62,3,0,0
BRDA:62,3,1,0
BRF:6
BRH:0
end_of_record
